#
# A fatal error has been detected by the Java Runtime Environment:
#
#  EXCEPTION_ACCESS_VIOLATION (0xc0000005) at pc=0x54cf7dc6, pid=5752, tid=0x00001910
#
# JRE version: Java(TM) SE Runtime Environment (8.0_201-b09) (build 1.8.0_201-b09)
# Java VM: Java HotSpot(TM) Client VM (25.201-b09 mixed mode, sharing windows-x86 )
# Problematic frame:
# C  [awt.dll+0xa7dc6]
#
# Failed to write core dump. Minidumps are not enabled by default on client versions of Windows
#
# If you would like to submit a bug report, please visit:
#   http://bugreport.java.com/bugreport/crash.jsp
# The crash happened outside the Java Virtual Machine in native code.
# See problematic frame for where to report the bug.
#

---------------  T H R E A D  ---------------

Current thread (0x012b6c00):  JavaThread "AWT-Windows" daemon [_thread_in_native, id=6416, stack(0x15810000,0x15860000)]

siginfo: ExceptionCode=0xc0000005, reading address 0x00000000

Registers:
EAX=0x00000000, EBX=0x012b6d40, ECX=0x0000006e, EDX=0x00000000
ESP=0x1585f3cc, EBP=0x1585f3fc, ESI=0x1516e638, EDI=0x000000a3
EIP=0x54cf7dc6, EFLAGS=0x00010206

Top of Stack: (sp=0x1585f3cc)
0x1585f3cc:   e659ca78 1585f478 00009824 00000000
0x1585f3dc:   006f0214 00000000 012b6d40 1585f45c
0x1585f3ec:   1585f3cc 1585f490 54d08e18 00000001
0x1585f3fc:   1585f428 7747c2d7 006f0214 00009824
0x1585f40c:   1516e638 00a3006e 00009824 dcbaabcd
0x1585f41c:   00000000 1585f478 00009824 1585f4a0
0x1585f42c:   7747c3d7 54cf75b0 006f0214 00009824
0x1585f43c:   1516e638 00a3006e e62521d4 00000000 

Instructions: (pc=0x54cf7dc6)
0x54cf7da6:   75 10 8b 0b 8b 81 94 01 00 00 52 56 53 ff d0 8b
0x54cf7db6:   4d 14 8b f9 c1 ef 10 0f bf ff 0f bf c9 89 55 e4
0x54cf7dc6:   8b 10 8b 92 2c 01 00 00 57 51 8b c8 ff d2 8b 03
0x54cf7dd6:   8b 48 58 56 53 ff d1 8b 13 8b 42 50 6a 00 53 c6 


Register to memory mapping:

EAX=0x00000000 is an unknown value
EBX=0x012b6d40 is an unknown value
ECX=0x0000006e is an unknown value
EDX=0x00000000 is an unknown value
ESP=0x1585f3cc is pointing into the stack for thread: 0x012b6c00
EBP=0x1585f3fc is pointing into the stack for thread: 0x012b6c00
ESI=0x1516e638 is a global jni handle
EDI=0x000000a3 is an unknown value


Stack: [0x15810000,0x15860000],  sp=0x1585f3cc,  free space=316k
Native frames: (J=compiled Java code, j=interpreted, Vv=VM code, C=native code)
C  [awt.dll+0xa7dc6]
C  [USER32.dll+0x1c2d7]
C  [USER32.dll+0x1c3d7]
C  [USER32.dll+0x14d0e]
C  [USER32.dll+0x14d7d]
C  [ntdll.dll+0x46ace]
C  [awt.dll+0xa70b7]
j  sun.awt.windows.WToolkit.eventLoop()V+0
j  sun.awt.windows.WToolkit.run()V+58
j  java.lang.Thread.run()V+11
v  ~StubRoutines::call_stub
V  [jvm.dll+0x15c215]
V  [jvm.dll+0x22512e]
V  [jvm.dll+0x15c2ae]
V  [jvm.dll+0x15c436]
V  [jvm.dll+0x15c4a7]
V  [jvm.dll+0x1001df]
V  [jvm.dll+0x17f590]
V  [jvm.dll+0x17fe0a]
V  [jvm.dll+0x1c6a76]
C  [msvcr100.dll+0x5c556]
C  [msvcr100.dll+0x5c600]
C  [kernel32.dll+0x4ef3c]
C  [ntdll.dll+0x6360c]
C  [ntdll.dll+0x635df]
C  0x00000000

Java frames: (J=compiled Java code, j=interpreted, Vv=VM code)
j  sun.awt.windows.WToolkit.eventLoop()V+0
j  sun.awt.windows.WToolkit.run()V+58
j  java.lang.Thread.run()V+11
v  ~StubRoutines::call_stub

---------------  P R O C E S S  ---------------

Java Threads: ( => current thread )
  0x012b7400 JavaThread "Thread-0" daemon [_thread_in_native, id=8476, stack(0x16fe0000,0x17030000)]
  0x012b9000 JavaThread "Thread-3" [_thread_blocked, id=8144, stack(0x16e30000,0x16e80000)]
  0x012b8400 JavaThread "AWT-EventQueue-1" [_thread_in_native, id=7928, stack(0x155b0000,0x15600000)]
  0x012b8c00 JavaThread "TimerQueue" daemon [_thread_blocked, id=2072, stack(0x157b0000,0x15800000)]
  0x012b8000 JavaThread "DestroyJavaVM" [_thread_blocked, id=10172, stack(0x01840000,0x01890000)]
  0x012b7800 JavaThread "AWT-EventQueue-0" [_thread_blocked, id=7744, stack(0x15910000,0x15960000)]
=>0x012b6c00 JavaThread "AWT-Windows" daemon [_thread_in_native, id=6416, stack(0x15810000,0x15860000)]
  0x012b6400 JavaThread "AWT-Shutdown" [_thread_blocked, id=9780, stack(0x012e0000,0x01330000)]
  0x012b6000 JavaThread "Java2D Disposer" daemon [_thread_blocked, id=5528, stack(0x15550000,0x155a0000)]
  0x012a4c00 JavaThread "Service Thread" daemon [_thread_blocked, id=7828, stack(0x15030000,0x15080000)]
  0x01284c00 JavaThread "C1 CompilerThread0" daemon [_thread_blocked, id=6724, stack(0x017f0000,0x01840000)]
  0x01283800 JavaThread "Attach Listener" daemon [_thread_blocked, id=3048, stack(0x148b0000,0x14900000)]
  0x01280000 JavaThread "Signal Dispatcher" daemon [_thread_blocked, id=5840, stack(0x14fd0000,0x15020000)]
  0x01273c00 JavaThread "Finalizer" daemon [_thread_blocked, id=9672, stack(0x13d90000,0x13de0000)]
  0x01215800 JavaThread "Reference Handler" daemon [_thread_blocked, id=7588, stack(0x03b70000,0x03bc0000)]

Other Threads:
  0x01213000 VMThread [stack: 0x13c00000,0x13c50000] [id=10212]
  0x012bf400 WatcherThread [stack: 0x13d40000,0x13d90000] [id=8308]

VM state:not at safepoint (normal execution)

VM Mutex/Monitor currently owned by a thread: None

Heap:
 def new generation   total 4928K, used 2842K [0x03c00000, 0x04150000, 0x09150000)
  eden space 4416K,  52% used [0x03c00000, 0x03e46970, 0x04050000)
  from space 512K, 100% used [0x040d0000, 0x04150000, 0x04150000)
  to   space 512K,   0% used [0x04050000, 0x04050000, 0x040d0000)
 tenured generation   total 10944K, used 753K [0x09150000, 0x09c00000, 0x13c00000)
   the space 10944K,   6% used [0x09150000, 0x0920c760, 0x0920c800, 0x09c00000)
 Metaspace       used 701K, capacity 2511K, committed 2624K, reserved 4480K

Card table byte_map: [0x01760000,0x017f0000] byte_map_base: 0x01742000

Polling page: 0x00370000

CodeCache: size=32768Kb used=940Kb max_used=948Kb free=31827Kb
 bounds [0x01b60000, 0x01c50000, 0x03b60000]
 total_blobs=435 nmethods=212 adapters=155
 compilation: enabled

Compilation events (10 events):
Event: 3.926 Thread 0x01284c00  209             java.awt.Container::findComponentAtImpl (161 bytes)
Event: 3.927 Thread 0x01284c00 nmethod 209 0x01c4c588 code [0x01c4c6f0, 0x01c4c9d4]
Event: 4.020 Thread 0x01284c00  210             java.awt.Component::getParent (5 bytes)
Event: 4.021 Thread 0x01284c00 nmethod 210 0x01c4cc48 code [0x01c4cd40, 0x01c4cdc0]
Event: 4.386 Thread 0x01284c00  211             java.util.concurrent.locks.ReentrantLock::unlock (10 bytes)
Event: 4.387 Thread 0x01284c00 nmethod 211 0x01c4ce08 code [0x01c4cf20, 0x01c4d018]
Event: 4.387 Thread 0x01284c00  212             java.util.concurrent.locks.ReentrantLock::lock (8 bytes)
Event: 4.387 Thread 0x01284c00 nmethod 212 0x01c4d108 code [0x01c4d210, 0x01c4d2ac]
Event: 4.387 Thread 0x01284c00  213             java.util.concurrent.locks.ReentrantLock$NonfairSync::lock (25 bytes)
Event: 4.387 Thread 0x01284c00 nmethod 213 0x01c2b048 code [0x01c2b170, 0x01c2b2e0]

GC Heap History (2 events):
Event: 0.902 GC heap before
{Heap before GC invocations=0 (full 0):
 def new generation   total 4928K, used 4416K [0x03c00000, 0x04150000, 0x09150000)
  eden space 4416K, 100% used [0x03c00000, 0x04050000, 0x04050000)
  from space 512K,   0% used [0x04050000, 0x04050000, 0x040d0000)
  to   space 512K,   0% used [0x040d0000, 0x040d0000, 0x04150000)
 tenured generation   total 10944K, used 0K [0x09150000, 0x09c00000, 0x13c00000)
   the space 10944K,   0% used [0x09150000, 0x09150000, 0x09150200, 0x09c00000)
 Metaspace       used 569K, capacity 2503K, committed 2624K, reserved 4480K
Event: 0.909 GC heap after
Heap after GC invocations=1 (full 0):
 def new generation   total 4928K, used 512K [0x03c00000, 0x04150000, 0x09150000)
  eden space 4416K,   0% used [0x03c00000, 0x03c00000, 0x04050000)
  from space 512K, 100% used [0x040d0000, 0x04150000, 0x04150000)
  to   space 512K,   0% used [0x04050000, 0x04050000, 0x040d0000)
 tenured generation   total 10944K, used 753K [0x09150000, 0x09c00000, 0x13c00000)
   the space 10944K,   6% used [0x09150000, 0x0920c760, 0x0920c800, 0x09c00000)
 Metaspace       used 569K, capacity 2503K, committed 2624K, reserved 4480K
}

Deoptimization events (0 events):
No events

Classes redefined (0 events):
No events

Internal exceptions (10 events):
Event: 0.181 Thread 0x010bc400 Exception <a 'java/io/FileNotFoundException'> (0x03c4f350) thrown at [C:\re\workspace\8-2-build-windows-i586-cygwin\jdk8u201\12322\hotspot\src\share\vm\prims\jni.cpp, line 709]
Event: 0.213 Thread 0x010bc400 Exception <a 'java/security/PrivilegedActionException'> (0x03c7e9d0) thrown at [C:\re\workspace\8-2-build-windows-i586-cygwin\jdk8u201\12322\hotspot\src\share\vm\prims\jvm.cpp, line 1502]
Event: 0.213 Thread 0x010bc400 Exception <a 'java/security/PrivilegedActionException'> (0x03c7ebd0) thrown at [C:\re\workspace\8-2-build-windows-i586-cygwin\jdk8u201\12322\hotspot\src\share\vm\prims\jvm.cpp, line 1502]
Event: 0.214 Thread 0x010bc400 Exception <a 'java/security/PrivilegedActionException'> (0x03c82678) thrown at [C:\re\workspace\8-2-build-windows-i586-cygwin\jdk8u201\12322\hotspot\src\share\vm\prims\jvm.cpp, line 1502]
Event: 0.214 Thread 0x010bc400 Exception <a 'java/security/PrivilegedActionException'> (0x03c82878) thrown at [C:\re\workspace\8-2-build-windows-i586-cygwin\jdk8u201\12322\hotspot\src\share\vm\prims\jvm.cpp, line 1502]
Event: 0.233 Thread 0x010bc400 Exception <a 'java/io/FileNotFoundException'> (0x03c93540) thrown at [C:\re\workspace\8-2-build-windows-i586-cygwin\jdk8u201\12322\hotspot\src\share\vm\prims\jni.cpp, line 709]
Event: 0.355 Thread 0x010bc400 Exception <a 'java/lang/NoSuchFieldError': method resolution failed> (0x03d51d50) thrown at [C:\re\workspace\8-2-build-windows-i586-cygwin\jdk8u201\12322\hotspot\src\share\vm\prims\methodHandles.cpp, line 1167]
Event: 0.369 Thread 0x010bc400 Exception <a 'java/lang/NoSuchFieldError': method resolution failed> (0x03d5df08) thrown at [C:\re\workspace\8-2-build-windows-i586-cygwin\jdk8u201\12322\hotspot\src\share\vm\prims\methodHandles.cpp, line 1167]
Event: 0.478 Thread 0x010bc400 Exception <a 'java/io/FileNotFoundException'> (0x03e192d0) thrown at [C:\re\workspace\8-2-build-windows-i586-cygwin\jdk8u201\12322\hotspot\src\share\vm\prims\jni.cpp, line 709]
Event: 0.611 Thread 0x010bc400 Exception <a 'java/io/FileNotFoundException'> (0x03e58400) thrown at [C:\re\workspace\8-2-build-windows-i586-cygwin\jdk8u201\12322\hotspot\src\share\vm\prims\jni.cpp, line 709]

Events (10 events):
Event: 4.480 loading class sun/awt/windows/WInputMethod$1 done
Event: 4.488 loading class java/util/WeakHashMap$KeyIterator
Event: 4.488 loading class java/util/WeakHashMap$HashIterator
Event: 4.488 loading class java/util/WeakHashMap$HashIterator done
Event: 4.488 loading class java/util/WeakHashMap$KeyIterator done
Event: 4.490 loading class java/awt/font/TextHitInfo
Event: 4.490 loading class java/awt/font/TextHitInfo done
Event: 4.491 Thread 0x012b7400 Thread added: 0x012b7400
Event: 4.491 Thread 0x012b9800 Thread added: 0x012b9800
Event: 4.492 Thread 0x012b9800 Thread exited: 0x012b9800


Dynamic libraries:
0x011a0000 - 0x011d3000 	C:\Program Files\Java\jdk1.8.0_201\bin\java.exe
0x77580000 - 0x776c2000 	C:\Windows\SYSTEM32\ntdll.dll
0x646c0000 - 0x646d0000 	C:\Program Files\Avast Software\Avast\aswhook.dll
0x75f00000 - 0x75fd5000 	C:\Windows\system32\kernel32.dll
0x75380000 - 0x753cb000 	C:\Windows\system32\KERNELBASE.dll
0x76210000 - 0x762b1000 	C:\Windows\system32\ADVAPI32.dll
0x77060000 - 0x7710c000 	C:\Windows\system32\msvcrt.dll
0x75680000 - 0x75699000 	C:\Windows\SYSTEM32\sechost.dll
0x77350000 - 0x773f2000 	C:\Windows\system32\RPCRT4.dll
0x77460000 - 0x77529000 	C:\Windows\system32\USER32.dll
0x77530000 - 0x7757e000 	C:\Windows\system32\GDI32.dll
0x77700000 - 0x7770a000 	C:\Windows\system32\LPK.dll
0x75c70000 - 0x75d0d000 	C:\Windows\system32\USP10.dll
0x741e0000 - 0x7437e000 	C:\Windows\WinSxS\x86_microsoft.windows.common-controls_6595b64144ccf1df_6.0.7601.24483_none_2b200f664577e14b\COMCTL32.dll
0x75d10000 - 0x75d67000 	C:\Windows\system32\SHLWAPI.dll
0x777b0000 - 0x777cf000 	C:\Windows\system32\IMM32.DLL
0x76340000 - 0x7640e000 	C:\Windows\system32\MSCTF.dll
0x55930000 - 0x559ef000 	C:\Program Files\Java\jdk1.8.0_201\jre\bin\msvcr100.dll
0x52f20000 - 0x532f5000 	C:\Program Files\Java\jdk1.8.0_201\jre\bin\client\jvm.dll
0x71550000 - 0x71557000 	C:\Windows\system32\WSOCK32.dll
0x75ec0000 - 0x75ef5000 	C:\Windows\system32\WS2_32.dll
0x776f0000 - 0x776f6000 	C:\Windows\system32\NSI.dll
0x70860000 - 0x70892000 	C:\Windows\system32\WINMM.dll
0x74780000 - 0x74789000 	C:\Windows\system32\VERSION.dll
0x776e0000 - 0x776e5000 	C:\Windows\system32\PSAPI.DLL
0x6be90000 - 0x6be9c000 	C:\Program Files\Java\jdk1.8.0_201\jre\bin\verify.dll
0x63910000 - 0x63931000 	C:\Program Files\Java\jdk1.8.0_201\jre\bin\java.dll
0x641c0000 - 0x641d4000 	C:\Program Files\Java\jdk1.8.0_201\jre\bin\zip.dll
0x76410000 - 0x7705c000 	C:\Windows\system32\SHELL32.dll
0x756a0000 - 0x757ff000 	C:\Windows\system32\ole32.dll
0x75310000 - 0x7531b000 	C:\Windows\system32\profapi.dll
0x54c50000 - 0x54d97000 	C:\Program Files\Java\jdk1.8.0_201\jre\bin\awt.dll
0x77710000 - 0x777a2000 	C:\Windows\system32\OLEAUT32.dll
0x73d50000 - 0x73d63000 	C:\Windows\system32\DWMAPI.DLL
0x54b80000 - 0x54c48000 	C:\Windows\system32\opengl32.dll
0x63650000 - 0x63672000 	C:\Windows\system32\GLU32.dll
0x57e70000 - 0x57f57000 	C:\Windows\system32\DDRAW.dll
0x64060000 - 0x64066000 	C:\Windows\system32\DCIMAN32.dll
0x76070000 - 0x7620d000 	C:\Windows\system32\SETUPAPI.dll
0x75350000 - 0x75377000 	C:\Windows\system32\CFGMGR32.dll
0x755a0000 - 0x755b2000 	C:\Windows\system32\DEVOBJ.dll
0x74050000 - 0x74090000 	C:\Windows\system32\uxtheme.dll
0x75220000 - 0x7522c000 	C:\Windows\system32\CRYPTBASE.dll
0x62600000 - 0x62639000 	C:\Program Files\Java\jdk1.8.0_201\jre\bin\fontmanager.dll
0x638f0000 - 0x63905000 	C:\Program Files\Java\jdk1.8.0_201\jre\bin\net.dll
0x75d70000 - 0x75ebf000 	C:\Windows\system32\urlmon.dll
0x755c0000 - 0x755c4000 	C:\Windows\system32\api-ms-win-downlevel-ole32-l1-1-0.dll
0x75590000 - 0x75594000 	C:\Windows\system32\api-ms-win-downlevel-shlwapi-l1-1-0.dll
0x75340000 - 0x75345000 	C:\Windows\system32\api-ms-win-downlevel-advapi32-l1-1-0.dll
0x75600000 - 0x75604000 	C:\Windows\system32\api-ms-win-downlevel-user32-l1-1-0.dll
0x75620000 - 0x75624000 	C:\Windows\system32\api-ms-win-downlevel-version-l1-1-0.dll
0x75610000 - 0x75613000 	C:\Windows\system32\api-ms-win-downlevel-normaliz-l1-1-0.dll
0x776d0000 - 0x776d3000 	C:\Windows\system32\normaliz.DLL
0x77110000 - 0x77348000 	C:\Windows\system32\iertutil.dll
0x75800000 - 0x75c37000 	C:\Windows\system32\WININET.dll
0x75320000 - 0x75339000 	C:\Windows\system32\USERENV.dll
0x74c90000 - 0x74ccc000 	C:\Windows\system32\mswsock.dll
0x74c80000 - 0x74c86000 	C:\Windows\System32\wship6.dll
0x6bcc0000 - 0x6bccf000 	C:\Program Files\Java\jdk1.8.0_201\jre\bin\nio.dll
0x624f0000 - 0x62522000 	C:\Program Files\Java\jdk1.8.0_201\jre\bin\t2k.dll
0x75fe0000 - 0x76063000 	C:\Windows\system32\CLBCatQ.DLL
0x73b20000 - 0x73c51000 	C:\Windows\system32\WindowsCodecs.dll
0x751d0000 - 0x7521c000 	C:\Windows\system32\apphelp.dll
0x6e9a0000 - 0x6ea3a000 	C:\Users\JAVIER\AppData\Local\MEGAsync\ShellExtX32.dll
0x73340000 - 0x73343000 	C:\Windows\system32\api-ms-win-core-synch-l1-2-0.DLL
0x6ec70000 - 0x6ec78000 	C:\Program Files\Internet Download Manager\IDMShellExt.dll
0x6e600000 - 0x6e774000 	C:\PROGRA~1\MICROS~3\Office16\GROOVEEX.DLL
0x6ec50000 - 0x6ec63000 	C:\Windows\system32\VCRUNTIME140.dll
0x6e930000 - 0x6e934000 	C:\Windows\system32\api-ms-win-crt-runtime-l1-1-0.dll
0x57fd0000 - 0x580e8000 	C:\Program Files\Java\jdk1.8.0_201\jre\bin\ucrtbase.DLL
0x6be40000 - 0x6be43000 	C:\Program Files\Java\jdk1.8.0_201\jre\bin\api-ms-win-core-timezone-l1-1-0.dll
0x6bea0000 - 0x6bea3000 	C:\Program Files\Java\jdk1.8.0_201\jre\bin\api-ms-win-core-file-l2-1-0.dll
0x6b690000 - 0x6b693000 	C:\Program Files\Java\jdk1.8.0_201\jre\bin\api-ms-win-core-localization-l1-2-0.dll
0x6b3e0000 - 0x6b3e3000 	C:\Program Files\Java\jdk1.8.0_201\jre\bin\api-ms-win-core-processthreads-l1-1-1.dll
0x6b680000 - 0x6b683000 	C:\Program Files\Java\jdk1.8.0_201\jre\bin\api-ms-win-core-file-l1-2-0.dll
0x6e7f0000 - 0x6e7f3000 	C:\Windows\system32\api-ms-win-crt-heap-l1-1-0.dll
0x6e7e0000 - 0x6e7e4000 	C:\Windows\system32\api-ms-win-crt-string-l1-1-0.dll
0x6e7d0000 - 0x6e7d4000 	C:\Windows\system32\api-ms-win-crt-stdio-l1-1-0.dll
0x6e7c0000 - 0x6e7c4000 	C:\Windows\system32\api-ms-win-crt-convert-l1-1-0.dll
0x6e590000 - 0x6e5fe000 	C:\Windows\system32\MSVCP140.dll
0x6e580000 - 0x6e583000 	C:\Windows\system32\api-ms-win-crt-locale-l1-1-0.dll
0x6e570000 - 0x6e575000 	C:\Windows\system32\api-ms-win-crt-math-l1-1-0.dll
0x6e560000 - 0x6e563000 	C:\Windows\system32\api-ms-win-crt-filesystem-l1-1-0.dll
0x6e550000 - 0x6e553000 	C:\Windows\system32\api-ms-win-crt-time-l1-1-0.dll
0x6e540000 - 0x6e543000 	C:\Windows\system32\api-ms-win-crt-environment-l1-1-0.dll
0x6e530000 - 0x6e533000 	C:\Windows\system32\api-ms-win-crt-utility-l1-1-0.dll
0x6e2e0000 - 0x6e526000 	C:\Windows\system32\msi.dll
0x6d890000 - 0x6e11a000 	C:\PROGRA~1\MICROS~3\Office16\3082\GrooveIntlResource.dll
0x6d590000 - 0x6d884000 	C:\Program Files\Avast Software\Avast\ashShell.dll
0x73eb0000 - 0x74043000 	C:\Windows\WinSxS\x86_microsoft.windows.gdiplus_6595b64144ccf1df_1.1.7601.24542_none_5c0717c7a00ddc6d\gdiplus.dll
0x73a10000 - 0x73a1d000 	C:\Windows\system32\WTSAPI32.dll
0x73c70000 - 0x73c95000 	C:\Windows\system32\POWRPROF.dll
0x6d4c0000 - 0x6d4f1000 	C:\Windows\system32\EhStorShell.dll
0x74090000 - 0x74185000 	C:\Windows\system32\PROPSYS.dll
0x6d230000 - 0x6d29a000 	C:\Windows\System32\cscui.dll
0x6d220000 - 0x6d229000 	C:\Windows\System32\CSCDLL.dll
0x6d210000 - 0x6d21b000 	C:\Windows\system32\CSCAPI.dll
0x6d1a0000 - 0x6d210000 	C:\Windows\system32\ntshrui.dll
0x75120000 - 0x75139000 	C:\Windows\system32\srvcli.dll
0x72f50000 - 0x72f5a000 	C:\Windows\system32\slc.dll
0x73250000 - 0x7333b000 	C:\Windows\system32\dbghelp.dll

VM Arguments:
jvm_args: -Djava.security.policy=applet.policy 
java_command: sun.applet.AppletViewer file:C:/Users/JAVIER/Downloads/Lenguaje de la web/Ejercicios (1)/Ejercicio_22/build/conversion.html
java_class_path (initial): C:\Users\JAVIER\Downloads\Lenguaje de la web\Ejercicios (1)\Ejercicio_22\build\classes
Launcher Type: SUN_STANDARD

Environment Variables:
PATH=C:\Program Files\Common Files\Oracle\Java\javapath;C:\Windows\system32;C:\Windows;C:\Windows\System32\Wbem;C:\Windows\System32\WindowsPowerShell\v1.0\
USERNAME=JAVIER
OS=Windows_NT
PROCESSOR_IDENTIFIER=x86 Family 6 Model 23 Stepping 10, GenuineIntel



---------------  S Y S T E M  ---------------

OS: Windows 7 Build 7601 (6.1.7601.24545)

CPU:total 2 (initial active 2) (2 cores per cpu, 1 threads per core) family 6 model 23 stepping 10, cmov, cx8, fxsr, mmx, sse, sse2, sse3, ssse3, sse4.1, tsc

Memory: 4k page, physical 2061560k(481164k free), swap 4123120k(1317784k free)

vm_info: Java HotSpot(TM) Client VM (25.201-b09) for windows-x86 JRE (1.8.0_201-b09), built on Dec 16 2018 00:13:48 by "java_re" with MS VC++ 10.0 (VS2010)

time: Sun Jun 27 10:40:03 2021
timezone: Hora estándar de Venezuela
elapsed time: 4 seconds (0d 0h 0m 4s)

